# JRE version: Java(TM) SE Runtime Environment (8.0_151-b12) (build 1.8.0_151-b12)
# Java VM: Java HotSpot(TM) 64-Bit Server VM (25.151-b12 mixed mode linux-amd64 compressed oops)
Heap:
 PSYoungGen      total 1540096K, used 949845K [0x00000006c0000000, 0x0000000750000000, 0x00000007c0000000)
  eden space 964608K, 48% used [0x00000006c0000000,0x00000006dc7b13b0,0x00000006fae00000)
  from space 575488K, 83% used [0x00000006fae00000,0x00000007185e4400,0x000000071e000000)
  to   space 645120K, 0% used [0x0000000728a00000,0x0000000728a00000,0x0000000750000000)
 ParOldGen       total 2548224K, used 1868451K [0x00000004c0000000, 0x000000055b880000, 0x00000006c0000000)
  object space 2548224K, 73% used [0x00000004c0000000,0x00000005320a8cd0,0x000000055b880000)
 Metaspace       used 32618K, capacity 32844K, committed 33280K, reserved 1079296K
  class space    used 3688K, capacity 3780K, committed 3840K, reserved 1048576K
GC Heap History (10 events):
Event: 37,943 GC heap before
{Heap before GC invocations=24 (full 5):
 PSYoungGen      total 1166336K, used 1153274K [0x00000006c0000000, 0x0000000724980000, 0x00000007c0000000)
  eden space 842752K, 100% used [0x00000006c0000000,0x00000006f3700000,0x00000006f3700000)
  from space 323584K, 95% used [0x000000070a900000,0x000000071d83ead0,0x000000071e500000)
  to   space 378880K, 0% used [0x00000006f3700000,0x00000006f3700000,0x000000070a900000)
 ParOldGen       total 1306112K, used 970203K [0x00000004c0000000, 0x000000050fb80000, 0x00000006c0000000)
  object space 1306112K, 74% used [0x00000004c0000000,0x00000004fb376dd8,0x000000050fb80000)
 Metaspace       used 32244K, capacity 32492K, committed 33024K, reserved 1079296K
  class space    used 3663K, capacity 3748K, committed 3840K, reserved 1048576K
Event: 38,238 GC heap after
Heap after GC invocations=24 (full 5):
 PSYoungGen      total 1221632K, used 378852K [0x00000006c0000000, 0x0000000740400000, 0x00000007c0000000)
  eden space 842752K, 0% used [0x00000006c0000000,0x00000006c0000000,0x00000006f3700000)
  from space 378880K, 99% used [0x00000006f3700000,0x000000070a8f9010,0x000000070a900000)
  to   space 547840K, 0% used [0x000000071ed00000,0x000000071ed00000,0x0000000740400000)
 ParOldGen       total 1306112K, used 1238491K [0x00000004c0000000, 0x000000050fb80000, 0x00000006c0000000)
  object space 1306112K, 94% used [0x00000004c0000000,0x000000050b976dd8,0x000000050fb80000)
 Metaspace       used 32244K, capacity 32492K, committed 33024K, reserved 1079296K
  class space    used 3663K, capacity 3748K, committed 3840K, reserved 1048576K
}
Event: 38,238 GC heap before
{Heap before GC invocations=25 (full 6):
 PSYoungGen      total 1221632K, used 378852K [0x00000006c0000000, 0x0000000740400000, 0x00000007c0000000)
  eden space 842752K, 0% used [0x00000006c0000000,0x00000006c0000000,0x00000006f3700000)
  from space 378880K, 99% used [0x00000006f3700000,0x000000070a8f9010,0x000000070a900000)
  to   space 547840K, 0% used [0x000000071ed00000,0x000000071ed00000,0x0000000740400000)
 ParOldGen       total 1306112K, used 1238491K [0x00000004c0000000, 0x000000050fb80000, 0x00000006c0000000)
  object space 1306112K, 94% used [0x00000004c0000000,0x000000050b976dd8,0x000000050fb80000)
 Metaspace       used 32244K, capacity 32492K, committed 33024K, reserved 1079296K
  class space    used 3663K, capacity 3748K, committed 3840K, reserved 1048576K
Event: 40,386 GC heap after
Heap after GC invocations=25 (full 6):
 PSYoungGen      total 1221632K, used 306855K [0x00000006c0000000, 0x0000000740400000, 0x00000007c0000000)
  eden space 842752K, 0% used [0x00000006c0000000,0x00000006c0000000,0x00000006f3700000)
  from space 378880K, 80% used [0x00000006f3700000,0x00000007062a9f58,0x000000070a900000)
  to   space 547840K, 0% used [0x000000071ed00000,0x000000071ed00000,0x0000000740400000)
 ParOldGen       total 1868800K, used 1305759K [0x00000004c0000000, 0x0000000532100000, 0x00000006c0000000)
  object space 1868800K, 69% used [0x00000004c0000000,0x000000050fb27e50,0x0000000532100000)
 Metaspace       used 32244K, capacity 32492K, committed 33024K, reserved 1079296K
  class space    used 3663K, capacity 3748K, committed 3840K, reserved 1048576K
}
Event: 40,704 GC heap before
{Heap before GC invocations=26 (full 6):
 PSYoungGen      total 1221632K, used 1149607K [0x00000006c0000000, 0x0000000740400000, 0x00000007c0000000)
  eden space 842752K, 100% used [0x00000006c0000000,0x00000006f3700000,0x00000006f3700000)
  from space 378880K, 80% used [0x00000006f3700000,0x00000007062a9f58,0x000000070a900000)
  to   space 547840K, 0% used [0x000000071ed00000,0x000000071ed00000,0x0000000740400000)
 ParOldGen       total 1868800K, used 1305759K [0x00000004c0000000, 0x0000000532100000, 0x00000006c0000000)
  object space 1868800K, 69% used [0x00000004c0000000,0x000000050fb27e50,0x0000000532100000)
 Metaspace       used 32245K, capacity 32492K, committed 33024K, reserved 1079296K
  class space    used 3663K, capacity 3748K, committed 3840K, reserved 1048576K
Event: 41,118 GC heap after
Heap after GC invocations=26 (full 6):
 PSYoungGen      total 1512448K, used 349718K [0x00000006c0000000, 0x0000000741200000, 0x00000007c0000000)
  eden space 964608K, 0% used [0x00000006c0000000,0x00000006c0000000,0x00000006fae00000)
  from space 547840K, 63% used [0x000000071ed00000,0x0000000734285810,0x0000000740400000)
  to   space 575488K, 0% used [0x00000006fae00000,0x00000006fae00000,0x000000071e000000)
 ParOldGen       total 1868800K, used 1613919K [0x00000004c0000000, 0x0000000532100000, 0x00000006c0000000)
  object space 1868800K, 86% used [0x00000004c0000000,0x0000000522817e50,0x0000000532100000)
 Metaspace       used 32245K, capacity 32492K, committed 33024K, reserved 1079296K
  class space    used 3663K, capacity 3748K, committed 3840K, reserved 1048576K
}
Event: 41,118 GC heap before
{Heap before GC invocations=27 (full 7):
 PSYoungGen      total 1512448K, used 349718K [0x00000006c0000000, 0x0000000741200000, 0x00000007c0000000)
  eden space 964608K, 0% used [0x00000006c0000000,0x00000006c0000000,0x00000006fae00000)
  from space 547840K, 63% used [0x000000071ed00000,0x0000000734285810,0x0000000740400000)
  to   space 575488K, 0% used [0x00000006fae00000,0x00000006fae00000,0x000000071e000000)
 ParOldGen       total 1868800K, used 1613919K [0x00000004c0000000, 0x0000000532100000, 0x00000006c0000000)
  object space 1868800K, 86% used [0x00000004c0000000,0x0000000522817e50,0x0000000532100000)
 Metaspace       used 32245K, capacity 32492K, committed 33024K, reserved 1079296K
  class space    used 3663K, capacity 3748K, committed 3840K, reserved 1048576K
Event: 43,312 GC heap after
Heap after GC invocations=27 (full 7):
 PSYoungGen      total 1512448K, used 79248K [0x00000006c0000000, 0x0000000741200000, 0x00000007c0000000)
  eden space 964608K, 0% used [0x00000006c0000000,0x00000006c0000000,0x00000006fae00000)
  from space 547840K, 14% used [0x000000071ed00000,0x0000000723a64398,0x0000000740400000)
  to   space 575488K, 0% used [0x00000006fae00000,0x00000006fae00000,0x000000071e000000)
 ParOldGen       total 2548224K, used 1868451K [0x00000004c0000000, 0x000000055b880000, 0x00000006c0000000)
  object space 2548224K, 73% used [0x00000004c0000000,0x00000005320a8cd0,0x000000055b880000)
 Metaspace       used 32245K, capacity 32492K, committed 33024K, reserved 1079296K
  class space    used 3663K, capacity 3748K, committed 3840K, reserved 1048576K
}
Event: 43,683 GC heap before
{Heap before GC invocations=28 (full 7):
 PSYoungGen      total 1512448K, used 1043856K [0x00000006c0000000, 0x0000000741200000, 0x00000007c0000000)
  eden space 964608K, 100% used [0x00000006c0000000,0x00000006fae00000,0x00000006fae00000)
  from space 547840K, 14% used [0x000000071ed00000,0x0000000723a64398,0x0000000740400000)
  to   space 575488K, 0% used [0x00000006fae00000,0x00000006fae00000,0x000000071e000000)
 ParOldGen       total 2548224K, used 1868451K [0x00000004c0000000, 0x000000055b880000, 0x00000006c0000000)
  object space 2548224K, 73% used [0x00000004c0000000,0x00000005320a8cd0,0x000000055b880000)
 Metaspace       used 32261K, capacity 32556K, committed 33024K, reserved 1079296K
  class space    used 3666K, capacity 3748K, committed 3840K, reserved 1048576K
Event: 43,954 GC heap after
Heap after GC invocations=28 (full 7):
 PSYoungGen      total 1540096K, used 483217K [0x00000006c0000000, 0x0000000750000000, 0x00000007c0000000)
  eden space 964608K, 0% used [0x00000006c0000000,0x00000006c0000000,0x00000006fae00000)
  from space 575488K, 83% used [0x00000006fae00000,0x00000007185e4400,0x000000071e000000)
  to   space 645120K, 0% used [0x0000000728a00000,0x0000000728a00000,0x0000000750000000)
 ParOldGen       total 2548224K, used 1868451K [0x00000004c0000000, 0x000000055b880000, 0x00000006c0000000)
  object space 2548224K, 73% used [0x00000004c0000000,0x00000005320a8cd0,0x000000055b880000)
 Metaspace       used 32261K, capacity 32556K, committed 33024K, reserved 1079296K
  class space    used 3666K, capacity 3748K, committed 3840K, reserved 1048576K
}

